<?xml version="1.0" encoding="UTF-8"?>
<!-- Generated by org.testng.reporters.JUnitReportReporter -->
<testsuite skipped="0" hostname="USER" name="Demo.Sample.NewTest" tests="1" failures="0" timestamp="2020-05-04T04:16:03 IST" time="0.002" errors="0">
  <testcase name="f" time="0.002" classname="Demo.Sample.NewTest"/>
  <system-out/>
</testsuite> <!-- Demo.Sample.NewTest -->
